<?xml version="1.0" encoding="UTF-8"?>
<testsuite name="com.development.customer.infraestructure.input.adapter.rest.impl.CustomerControllerIT" tests="1" skipped="0" failures="0" errors="0" timestamp="2026-04-23T15:22:24.278Z" hostname="USUARIO" time="19.959">
  <properties/>
  <testcase name="createCustomerSuccessfully()" classname="com.development.customer.infraestructure.input.adapter.rest.impl.CustomerControllerIT" time="0.598"/>
  <system-out><![CDATA[10:22:24.701 [Test worker] INFO org.springframework.test.context.support.AnnotationConfigContextLoaderUtils -- Could not detect default configuration classes for test class [com.development.customer.infraestructure.input.adapter.rest.impl.CustomerControllerIT]: CustomerControllerIT does not declare any static, non-private, non-final, nested classes annotated with @Configuration.
10:22:25.370 [Test worker] INFO org.springframework.boot.test.context.SpringBootTestContextBootstrapper -- Found @SpringBootConfiguration com.development.customer.CustomerApplication for test class com.development.customer.infraestructure.input.adapter.rest.impl.CustomerControllerIT

  .   ____          _            __ _ _
 /\\ / ___'_ __ _ _(_)_ __  __ _ \ \ \ \
( ( )\___ | '_ | '_| | '_ \/ _` | \ \ \ \
 \\/  ___)| |_)| | | | | || (_| |  ) ) ) )
  '  |____| .__|_| |_|_| |_\__, | / / / /
 =========|_|==============|___/=/_/_/_/

 :: Spring Boot ::                (v3.5.7)

2026-04-23T10:22:27.691-05:00  INFO 25200 --- [cde-msa-bp-async-customer] [    Test worker] c.d.c.i.i.a.r.impl.CustomerControllerIT  : Starting CustomerControllerIT using Java 21.0.6 with PID 25200 (started by SANTIAGO-2021 in D:\PruebaTecnica\cde-msa-bp-async-customer)
2026-04-23T10:22:27.695-05:00  INFO 25200 --- [cde-msa-bp-async-customer] [    Test worker] c.d.c.i.i.a.r.impl.CustomerControllerIT  : The following 1 profile is active: "test"
2026-04-23T10:22:30.840-05:00  INFO 25200 --- [cde-msa-bp-async-customer] [    Test worker] .s.d.r.c.RepositoryConfigurationDelegate : Bootstrapping Spring Data JPA repositories in DEFAULT mode.
2026-04-23T10:22:31.156-05:00  INFO 25200 --- [cde-msa-bp-async-customer] [    Test worker] .s.d.r.c.RepositoryConfigurationDelegate : Finished Spring Data repository scanning in 287 ms. Found 1 JPA repository interface.
2026-04-23T10:22:32.979-05:00  INFO 25200 --- [cde-msa-bp-async-customer] [    Test worker] com.zaxxer.hikari.HikariDataSource       : HikariPool-1 - Starting...
2026-04-23T10:22:33.787-05:00  INFO 25200 --- [cde-msa-bp-async-customer] [    Test worker] com.zaxxer.hikari.pool.HikariPool        : HikariPool-1 - Added connection conn0: url=jdbc:h2:mem:testdb user=SA
2026-04-23T10:22:33.794-05:00  INFO 25200 --- [cde-msa-bp-async-customer] [    Test worker] com.zaxxer.hikari.HikariDataSource       : HikariPool-1 - Start completed.
2026-04-23T10:22:34.577-05:00  INFO 25200 --- [cde-msa-bp-async-customer] [    Test worker] o.hibernate.jpa.internal.util.LogHelper  : HHH000204: Processing PersistenceUnitInfo [name: default]
2026-04-23T10:22:34.888-05:00  INFO 25200 --- [cde-msa-bp-async-customer] [    Test worker] org.hibernate.Version                    : HHH000412: Hibernate ORM core version 6.6.33.Final
2026-04-23T10:22:35.054-05:00  INFO 25200 --- [cde-msa-bp-async-customer] [    Test worker] o.h.c.internal.RegionFactoryInitiator    : HHH000026: Second-level cache disabled
2026-04-23T10:22:35.700-05:00  INFO 25200 --- [cde-msa-bp-async-customer] [    Test worker] o.s.o.j.p.SpringPersistenceUnitInfo      : No LoadTimeWeaver setup: ignoring JPA class transformer
2026-04-23T10:22:35.975-05:00  WARN 25200 --- [cde-msa-bp-async-customer] [    Test worker] org.hibernate.orm.deprecation            : HHH90000025: H2Dialect does not need to be specified explicitly using 'hibernate.dialect' (remove the property setting and it will be selected by default)
2026-04-23T10:22:36.080-05:00  INFO 25200 --- [cde-msa-bp-async-customer] [    Test worker] org.hibernate.orm.connections.pooling    : HHH10001005: Database info:
	Database JDBC URL [Connecting through datasource 'HikariDataSource (HikariPool-1)']
	Database driver: undefined/unknown
	Database version: 2.3.232
	Autocommit mode: undefined/unknown
	Isolation level: undefined/unknown
	Minimum pool size: undefined/unknown
	Maximum pool size: undefined/unknown
2026-04-23T10:22:39.397-05:00  INFO 25200 --- [cde-msa-bp-async-customer] [    Test worker] o.h.e.t.j.p.i.JtaPlatformInitiator       : HHH000489: No JTA platform available (set 'hibernate.transaction.jta.platform' to enable JTA platform integration)
2026-04-23T10:22:39.547-05:00  INFO 25200 --- [cde-msa-bp-async-customer] [    Test worker] j.LocalContainerEntityManagerFactoryBean : Initialized JPA EntityManagerFactory for persistence unit 'default'
2026-04-23T10:22:43.536-05:00  INFO 25200 --- [cde-msa-bp-async-customer] [    Test worker] o.s.b.t.m.w.SpringBootMockServletContext : Initializing Spring TestDispatcherServlet ''
2026-04-23T10:22:43.537-05:00  INFO 25200 --- [cde-msa-bp-async-customer] [    Test worker] o.s.t.web.servlet.TestDispatcherServlet  : Initializing Servlet ''
2026-04-23T10:22:43.543-05:00  INFO 25200 --- [cde-msa-bp-async-customer] [    Test worker] o.s.t.web.servlet.TestDispatcherServlet  : Completed initialization in 3 ms
2026-04-23T10:22:43.601-05:00  INFO 25200 --- [cde-msa-bp-async-customer] [    Test worker] c.d.c.i.i.a.r.impl.CustomerControllerIT  : Started CustomerControllerIT in 17.684 seconds (process running for 26.195)
2026-04-23T10:22:43.963-05:00  INFO 25200 --- [cde-msa-bp-async-customer] [    Test worker] c.d.c.i.i.a.r.impl.CustomerController    : |-> Started createCustomer
2026-04-23T10:22:44.113-05:00  INFO 25200 --- [cde-msa-bp-async-customer] [    Test worker] c.d.c.a.service.CustomerServiceImpl      : Notification -> Client B739396C created
]]></system-out>
  <system-err><![CDATA[]]></system-err>
</testsuite>
