<?xml version="1.0" encoding="UTF-8"?>
<testsuite name="com.development.customer.infraestructure.input.adapter.rest.impl.CustomerControllerIT" tests="1" skipped="0" failures="0" errors="0" timestamp="2026-04-22T19:02:19.318Z" hostname="TCSUIO8374349L" time="0.254">
  <properties/>
  <testcase name="createCustomerSuccessfully()" classname="com.development.customer.infraestructure.input.adapter.rest.impl.CustomerControllerIT" time="0.254"/>
  <system-out><![CDATA[14:02:14.540 [Test worker] INFO org.springframework.test.context.support.AnnotationConfigContextLoaderUtils -- Could not detect default configuration classes for test class [com.development.customer.infraestructure.input.adapter.rest.impl.CustomerControllerIT]: CustomerControllerIT does not declare any static, non-private, non-final, nested classes annotated with @Configuration.
14:02:14.726 [Test worker] INFO org.springframework.boot.test.context.SpringBootTestContextBootstrapper -- Found @SpringBootConfiguration com.development.customer.CustomerApplication for test class com.development.customer.infraestructure.input.adapter.rest.impl.CustomerControllerIT

  .   ____          _            __ _ _
 /\\ / ___'_ __ _ _(_)_ __  __ _ \ \ \ \
( ( )\___ | '_ | '_| | '_ \/ _` | \ \ \ \
 \\/  ___)| |_)| | | | | || (_| |  ) ) ) )
  '  |____| .__|_| |_|_| |_\__, | / / / /
 =========|_|==============|___/=/_/_/_/

 :: Spring Boot ::                (v3.5.7)

2026-04-22T14:02:15.109-05:00  INFO 32608 --- [cde-msa-bp-async-customer] [    Test worker] c.d.c.i.i.a.r.impl.CustomerControllerIT  : Starting CustomerControllerIT using Java 21.0.8 with PID 32608 (started by fiza in C:\Users\fiza\PruebaTecnica\PruebaTecnica\cde-msa-bp-async-customer)
2026-04-22T14:02:15.110-05:00  INFO 32608 --- [cde-msa-bp-async-customer] [    Test worker] c.d.c.i.i.a.r.impl.CustomerControllerIT  : The following 1 profile is active: "test"
2026-04-22T14:02:15.674-05:00  INFO 32608 --- [cde-msa-bp-async-customer] [    Test worker] .s.d.r.c.RepositoryConfigurationDelegate : Bootstrapping Spring Data JPA repositories in DEFAULT mode.
2026-04-22T14:02:15.737-05:00  INFO 32608 --- [cde-msa-bp-async-customer] [    Test worker] .s.d.r.c.RepositoryConfigurationDelegate : Finished Spring Data repository scanning in 51 ms. Found 1 JPA repository interface.
2026-04-22T14:02:16.852-05:00  INFO 32608 --- [cde-msa-bp-async-customer] [    Test worker] com.zaxxer.hikari.HikariDataSource       : HikariPool-1 - Starting...
2026-04-22T14:02:17.022-05:00  INFO 32608 --- [cde-msa-bp-async-customer] [    Test worker] com.zaxxer.hikari.pool.HikariPool        : HikariPool-1 - Added connection conn0: url=jdbc:h2:mem:testdb user=SA
2026-04-22T14:02:17.023-05:00  INFO 32608 --- [cde-msa-bp-async-customer] [    Test worker] com.zaxxer.hikari.HikariDataSource       : HikariPool-1 - Start completed.
2026-04-22T14:02:17.131-05:00  INFO 32608 --- [cde-msa-bp-async-customer] [    Test worker] o.hibernate.jpa.internal.util.LogHelper  : HHH000204: Processing PersistenceUnitInfo [name: default]
2026-04-22T14:02:17.203-05:00  INFO 32608 --- [cde-msa-bp-async-customer] [    Test worker] org.hibernate.Version                    : HHH000412: Hibernate ORM core version 6.6.33.Final
2026-04-22T14:02:17.248-05:00  INFO 32608 --- [cde-msa-bp-async-customer] [    Test worker] o.h.c.internal.RegionFactoryInitiator    : HHH000026: Second-level cache disabled
2026-04-22T14:02:17.406-05:00  INFO 32608 --- [cde-msa-bp-async-customer] [    Test worker] o.s.o.j.p.SpringPersistenceUnitInfo      : No LoadTimeWeaver setup: ignoring JPA class transformer
2026-04-22T14:02:17.483-05:00  WARN 32608 --- [cde-msa-bp-async-customer] [    Test worker] org.hibernate.orm.deprecation            : HHH90000025: H2Dialect does not need to be specified explicitly using 'hibernate.dialect' (remove the property setting and it will be selected by default)
2026-04-22T14:02:17.503-05:00  INFO 32608 --- [cde-msa-bp-async-customer] [    Test worker] org.hibernate.orm.connections.pooling    : HHH10001005: Database info:
	Database JDBC URL [Connecting through datasource 'HikariDataSource (HikariPool-1)']
	Database driver: undefined/unknown
	Database version: 2.3.232
	Autocommit mode: undefined/unknown
	Isolation level: undefined/unknown
	Minimum pool size: undefined/unknown
	Maximum pool size: undefined/unknown
2026-04-22T14:02:18.177-05:00  INFO 32608 --- [cde-msa-bp-async-customer] [    Test worker] o.h.e.t.j.p.i.JtaPlatformInitiator       : HHH000489: No JTA platform available (set 'hibernate.transaction.jta.platform' to enable JTA platform integration)
2026-04-22T14:02:18.213-05:00  INFO 32608 --- [cde-msa-bp-async-customer] [    Test worker] j.LocalContainerEntityManagerFactoryBean : Initialized JPA EntityManagerFactory for persistence unit 'default'
2026-04-22T14:02:19.278-05:00  INFO 32608 --- [cde-msa-bp-async-customer] [    Test worker] o.s.b.t.m.w.SpringBootMockServletContext : Initializing Spring TestDispatcherServlet ''
2026-04-22T14:02:19.278-05:00  INFO 32608 --- [cde-msa-bp-async-customer] [    Test worker] o.s.t.web.servlet.TestDispatcherServlet  : Initializing Servlet ''
2026-04-22T14:02:19.280-05:00  INFO 32608 --- [cde-msa-bp-async-customer] [    Test worker] o.s.t.web.servlet.TestDispatcherServlet  : Completed initialization in 0 ms
2026-04-22T14:02:19.301-05:00  INFO 32608 --- [cde-msa-bp-async-customer] [    Test worker] c.d.c.i.i.a.r.impl.CustomerControllerIT  : Started CustomerControllerIT in 4.47 seconds (process running for 5.506)
]]></system-out>
  <system-err><![CDATA[Mockito is currently self-attaching to enable the inline-mock-maker. This will no longer work in future releases of the JDK. Please add Mockito as an agent to your build as described in Mockito's documentation: https://javadoc.io/doc/org.mockito/mockito-core/latest/org.mockito/org/mockito/Mockito.html#0.3
WARNING: A Java agent has been loaded dynamically (C:\Users\fiza\.gradle\caches\modules-2\files-2.1\net.bytebuddy\byte-buddy-agent\1.17.8\f09415827a71be7ed621c7bd02550678f28bc81c\byte-buddy-agent-1.17.8.jar)
WARNING: If a serviceability tool is in use, please run with -XX:+EnableDynamicAgentLoading to hide this warning
WARNING: If a serviceability tool is not in use, please run with -Djdk.instrument.traceUsage for more information
WARNING: Dynamic loading of agents will be disallowed by default in a future release
]]></system-err>
</testsuite>
